æŽ¨é€ç³»ç»Ÿç”¨æˆ·åˆ°å¹³å°: [unixlike]
ä¸»æœºæ•°é‡: 2
PLAY [æŽ¨é€ç³»ç»Ÿç”¨æˆ·åˆ°å…¥èµ„äº§: ops] **********************************************************************************************************************************************************************
TASK [Add user ops] *************************************************************************************************************************************************************************
[0;32mok: [192.168.11.158][0m
[0;32mok: [192.168.11.118][0m
TASK [Add group ops] ************************************************************************************************************************************************************************
[0;32mok: [192.168.11.158][0m
[0;32mok: [192.168.11.118][0m
TASK [Set ops password] *********************************************************************************************************************************************************************
[0;32mok: [192.168.11.158][0m
[0;32mok: [192.168.11.118][0m
TASK [Set ops sudo setting] *****************************************************************************************************************************************************************
[0;31mfatal: [192.168.11.158]: FAILED! => {"changed": false, "msg": "failed to validate: rc:1 error:>>> /tmp/tmpuh9v40am: syntax error near line 123 <<<\n"}[0m
[0;31mfatal: [192.168.11.118]: FAILED! => {"changed": false, "msg": "failed to validate: rc:1 error:>>> /tmp/tmp_WfKBO: syntax error near line 122 <<<\n"}[0m
PLAY RECAP **********************************************************************************************************************************************************************************
[0;31m192.168.11.118[0m             : [0;32mok=3   [0m changed=0    unreachable=0    [0;31mfailed=1   [0m skipped=0    rescued=0    ignored=0
[0;31m192.168.11.158[0m             : [0;32mok=3   [0m changed=0    unreachable=0    [0;31mfailed=1   [0m skipped=0    rescued=0    ignored=0
Task assets.tasks.push_system_user.push_system_user_to_assets[94cebfc9-5c35-40cf-876c-f1771d7b18bb] succeeded in 10.452058231996489s: None
